<?xml version="1.0" encoding="utf-8"?><testsuites><testsuite name="pytest" errors="0" failures="0" skipped="0" tests="0" time="0.140" timestamp="2022-03-23T19:08:54.617459" hostname="PORT4028" /></testsuites>